<?xml version="1.0" encoding="UTF-8"?>
<!-- Generated by org.testng.reporters.JUnitXMLReporter -->
<testsuite hostname="II39-HRHRQQ2" ignored="0" name="Test" tests="6" failures="0" timestamp="23 Oct 2019 14:30:00 GMT" time="0.045" errors="0">
  <testcase name="selenium" time="0.01" classname="pk.com.SeleniumTest"/>
  <testcase name="testcasename" time="0.0" classname="pk.com.SeleniumTest"/>
  <testcase name="Appium" time="0.0" classname="pk.com.AppiumTest"/>
  <testcase name="testcasenameapp" time="0.0" classname="pk.com.AppiumTest"/>
  <testcase name="Rest" time="0.0" classname="pk.com.RestAPITest"/>
  <testcase name="testcasenameRest" time="0.0" classname="pk.com.RestAPITest"/>
</testsuite> <!-- Test -->
